app/build/outputs/mapping/release/seeds.txt
in.co.markit.twa.LauncherActivity
in.co.markit.twa.Application
in.co.markit.twa.DelegationService
in.co.markit.twa.Application: Application()
in.co.markit.twa.LauncherActivity: LauncherActivity()
in.co.markit.twa.DelegationService: DelegationService()
...
com.google.androidbrowserhelper.trusted.NotificationPermissionRequestActivity: NotificationPermissionRequestActivity()
androidx.core.graphics.drawable.IconCompat$Api28Impl: android.net.Uri getUri(java.lang.Object)
androidx.core.widget.NestedScrollView: void setFillViewport(boolean)
androidx.core.view.accessibility.AccessibilityNodeInfoCompat$Api34Impl: boolean isAccessibilityDataSensitive(android.view.accessibility.AccessibilityNodeInfo)
androidx.core.view.ViewCompat$Api29Impl: void setContentCaptureSession(android.view.View,androidx.core.view.contentcapture.ContentCaptureSessionCompat)
androidx.appcompat.widget.AppCompatImageButton: android.graphics.PorterDuff$Mode getSupportImageTintMode()
androidx.lifecycle.ReportFragment$LifecycleCallbacks: void onActivityCreated(android.app.Activity,android.os.Bundle)
androidx.appcompat.widget.ActionBarContextView: int getAnimatedVisibility()
androidx.appcompat.widget.AppCompatImageButton: void setImageDrawable(android.graphics.drawable.Drawable)
androidx.core.view.WindowInsetsCompat$Impl28: androidx.core.view.DisplayCutoutCompat getDisplayCutout()
androidx.appcompat.widget.Toolbar: android.view.Menu getMenu()
androidx.lifecycle.ReportFragment$LifecycleCallbacks: void onActivityPreDestroyed(android.app.Activity)
androidx.core.view.ViewCompat$Api21Impl: boolean hasNestedScrollingParent(android.view.View)
androidx.appcompat.widget.Toolbar: void setNavigationIcon(android.graphics.drawable.Drawable)
androidx.core.view.accessibility.AccessibilityNodeInfoCompat$Api34Impl: java.lang.CharSequence getContainerTitle(android.view.accessibility.AccessibilityNodeInfo)
androidx.appcompat.view.menu.ListMenuItemView: ListMenuItemView(android.content.Context,android.util.AttributeSet)
androidx.vectordrawable.graphics.drawable.VectorDrawableCompat$VectorDrawableDelegateState: int getChangingConfigurations()
androidx.appcompat.widget.AppCompatImageView: void setImageResource(int)
androidx.core.graphics.drawable.IconCompatParcelizer: void write(androidx.core.graphics.drawable.IconCompat,androidx.versionedparcelable.VersionedParcel)
androidx.core.view.WindowInsetsCompat$BuilderImpl: void setStableInsets(androidx.core.graphics.Insets)
androidx.appcompat.widget.Toolbar: int getContentInsetLeft()
androidx.profileinstaller.ProfileInstallReceiver: ProfileInstallReceiver()
androidx.core.view.ViewCompat$Api20Impl: android.view.WindowInsets onApplyWindowInsets(android.view.View,android.view.WindowInsets)
androidx.core.view.ViewCompat$Api29Impl: java.util.List getSystemGestureExclusionRects(android.view.View)
androidx.appcompat.widget.LinearLayoutCompat: int getOrientation()
androidx.vectordrawable.graphics.drawable.VectorDrawableCompat$VFullPath: void setFillAlpha(float)
androidx.appcompat.widget.LinearLayoutCompat: void setShowDividers(int)
androidx.core.view.ViewCompat$Api30Impl: java.lang.CharSequence getStateDescription(android.view.View)
androidx.lifecycle.ProcessLifecycleOwner$attach$1: void onActivityCreated(android.app.Activity,android.os.Bundle)
androidx.appcompat.widget.DropDownListView: void setListSelectionHidden(boolean)
androidx.appcompat.widget.AppCompatImageButton: void setSupportBackgroundTintList(android.content.res.ColorStateList)
androidx.appcompat.widget.MenuPopupWindow$Api23Impl: void setEnterTransition(android.widget.PopupWindow,android.transition.Transition)
androidx.core.app.NotificationManagerCompat$Api24Impl: boolean areNotificationsEnabled(android.app.NotificationManager)
androidx.core.view.accessibility.AccessibilityNodeInfoCompat$Api34Impl: boolean hasRequestInitialAccessibilityFocus(android.view.accessibility.AccessibilityNodeInfo)
androidx.core.app.NotificationManagerCompat$Api26Impl: java.lang.String getId(android.app.NotificationChannel)
androidx.lifecycle.ProcessLifecycleOwner$attach$1: ProcessLifecycleOwner$attach$1(androidx.lifecycle.ProcessLifecycleOwner)
androidx.appcompat.widget.MenuPopupWindow$MenuDropDownListView: void setSelector(android.graphics.drawable.Drawable)