app/build/outputs/mapping/release/usage.txt
in.co.markit.twa.R$bool
in.co.markit.twa.R$color
in.co.markit.twa.R$drawable
in.co.markit.twa.R$integer
in.co.markit.twa.R$mipmap
in.co.markit.twa.R$raw
in.co.markit.twa.R$string
in.co.markit.twa.R$xml
in.co.markit.twa.R
...
androidx.lifecycle.ViewModelProviderGetKt
androidx.lifecycle.ViewModelStore:
    public final void clear()
    public final void put(java.lang.String,androidx.lifecycle.ViewModel)
androidx.lifecycle.ViewTreeLifecycleOwner$findViewTreeLifecycleOwner$1
androidx.lifecycle.ViewTreeLifecycleOwner$findViewTreeLifecycleOwner$2
androidx.lifecycle.ViewTreeLifecycleOwner
androidx.lifecycle.ViewTreeViewModelKt
androidx.lifecycle.ViewTreeViewModelStoreOwner$findViewTreeViewModelStoreOwner$1
androidx.lifecycle.ViewTreeViewModelStoreOwner$findViewTreeViewModelStoreOwner$2
androidx.lifecycle.ViewTreeViewModelStoreOwner
androidx.lifecycle.livedata.R
androidx.lifecycle.livedata.core.R
androidx.lifecycle.process.R
androidx.lifecycle.runtime.R$id
androidx.lifecycle.runtime.R
androidx.lifecycle.viewmodel.CreationExtras$Empty
androidx.lifecycle.viewmodel.CreationExtras$Key
androidx.lifecycle.viewmodel.CreationExtras
androidx.lifecycle.viewmodel.InitializerViewModelFactory
androidx.lifecycle.viewmodel.InitializerViewModelFactoryBuilder
androidx.lifecycle.viewmodel.InitializerViewModelFactoryKt
androidx.lifecycle.viewmodel.MutableCreationExtras
androidx.lifecycle.viewmodel.R$id
androidx.lifecycle.viewmodel.R
androidx.lifecycle.viewmodel.ViewModelFactoryDsl
androidx.lifecycle.viewmodel.ViewModelInitializer
androidx.lifecycle.viewmodel.savedstate.R
androidx.loader.R$attr
androidx.loader.R$color
androidx.loader.R$dimen
androidx.loader.R$drawable
androidx.loader.R$id
androidx.loader.R$integer
androidx.loader.R$layout
androidx.loader.R$string
androidx.loader.R$style
androidx.loader.R$styleable
androidx.loader.R
androidx.loader.app.LoaderManager$LoaderCallbacks
androidx.loader.app.LoaderManager
androidx.loader.app.LoaderManagerImpl$LoaderInfo
androidx.loader.app.LoaderManagerImpl$LoaderObserver
androidx.loader.app.LoaderManagerImpl$LoaderViewModel$1
androidx.loader.app.LoaderManagerImpl$LoaderViewModel
androidx.loader.app.LoaderManagerImpl
androidx.loader.content.AsyncTaskLoader$LoadTask
androidx.loader.content.AsyncTaskLoader
androidx.loader.content.CursorLoader
androidx.loader.content.Loader$ForceLoadContentObserver
androidx.loader.content.Loader$OnLoadCanceledListener
androidx.loader.content.Loader$OnLoadCompleteListener
androidx.loader.content.Loader
androidx.loader.content.ModernAsyncTask$1
androidx.loader.content.ModernAsyncTask$2
androidx.loader.content.ModernAsyncTask$3
androidx.loader.content.ModernAsyncTask$4
androidx.loader.content.ModernAsyncTask$AsyncTaskResult
androidx.loader.content.ModernAsyncTask$InternalHandler
androidx.loader.content.ModernAsyncTask$Status
androidx.loader.content.ModernAsyncTask$WorkerRunnable
androidx.loader.content.ModernAsyncTask
androidx.profileinstaller.BenchmarkOperation$Api21ContextHelper:
    private void <init>()
androidx.profileinstaller.BenchmarkOperation$Api24ContextHelper:
    private void <init>()
androidx.profileinstaller.BenchmarkOperation:
    private void <init>()
androidx.profileinstaller.Encoding:
    static final int SIZEOF_BYTE
    static final int UINT_16_SIZE
    static final int UINT_32_SIZE
    static final int UINT_8_SIZE
    private void <init>()
androidx.profileinstaller.FileSectionType:
    static androidx.profileinstaller.FileSectionType fromValue(long)
androidx.profileinstaller.ProfileInstallReceiver:
    public static final java.lang.String ACTION_BENCHMARK_OPERATION
    public static final java.lang.String ACTION_INSTALL_PROFILE
    public static final java.lang.String ACTION_SAVE_PROFILE
    public static final java.lang.String ACTION_SKIP_FILE
    private static final java.lang.String EXTRA_BENCHMARK_OPERATION
    private static final java.lang.String EXTRA_BENCHMARK_OPERATION_DROP_SHADER_CACHE
    private static final java.lang.String EXTRA_SKIP_FILE_OPERATION
    private static final java.lang.String EXTRA_SKIP_FILE_OPERATION_DELETE
    private static final java.lang.String EXTRA_SKIP_FILE_OPERATION_WRITE